#
# A fatal error has been detected by the Java Runtime Environment:
#
#  Internal Error (os_windows_x86.cpp:114), pid=6240, tid=976
#  Error: guarantee(result == -1,"Unexpected result from topLevelExceptionFilter")
#
# JRE version: 6.0_17-b04
# Java VM: Java HotSpot(TM) 64-Bit Server VM (14.3-b01 mixed mode windows-amd64 )
# If you would like to submit a bug report, please visit:
#   http://java.sun.com/webapps/bugreport/crash.jsp
# The crash happened outside the Java Virtual Machine in native code.
# See problematic frame for where to report the bug.
#

---------------  T H R E A D  ---------------

Current thread (0x000000005d779000):  JavaThread "AWT-EventQueue-0" [_thread_in_native, id=976, stack(0x000000000e1d0000,0x000000000e250000)]

Stack: [0x000000000e1d0000,0x000000000e250000]
[error occurred during error reporting (printing stack bounds), id 0xc0000005]

Java frames: (J=compiled Java code, j=interpreted, Vv=VM code)
j  com.mathworks.services.settings.Setting.nativeSet(JJ[Ljava/lang/String;Ljava/lang/String;Lcom/mathworks/services/settings/SettingInfo;Ljava/lang/String;)V+0
j  com.mathworks.services.settings.Setting.set(JLjava/lang/Object;Lcom/mathworks/services/settings/SettingLevel;)V+367
j  com.mathworks.services.settings.Setting.set(Ljava/lang/Object;Lcom/mathworks/services/settings/SettingLevel;)V+4
j  com.mathworks.services.settings.Setting.set(Ljava/lang/Object;)V+5
j  com.mathworks.mlwidgets.explorer.model.navigation.NavigationHistory.addCurrentPath()V+38
j  com.mathworks.mlwidgets.explorer.model.navigation.NavigationHistory.access$400(Lcom/mathworks/mlwidgets/explorer/model/navigation/NavigationHistory;)V+1
j  com.mathworks.mlwidgets.explorer.model.navigation.NavigationHistory$3.navigationChange(Lcom/mathworks/matlab/api/explorer/FileLocation;Lcom/mathworks/matlab/api/explorer/FileLocation;)V+30
j  com.mathworks.mlwidgets.explorer.model.navigation.NavigationContext.setLocation(Lcom/mathworks/matlab/api/explorer/FileLocation;Z)V+217
j  com.mathworks.mlwidgets.explorer.model.navigation.NavigationContext.goBack()V+54
j  com.mathworks.mlwidgets.explorer.extensions.basic.NavigationActionProvider.runBack(Lcom/mathworks/matlab/api/explorer/ActionInput;)Lcom/mathworks/matlab/api/explorer/Status;+47
j  com.mathworks.mlwidgets.explorer.extensions.basic.NavigationActionProvider.access$000(Lcom/mathworks/mlwidgets/explorer/extensions/basic/NavigationActionProvider;Lcom/mathworks/matlab/api/explorer/ActionInput;)Lcom/mathworks/matlab/api/explorer/Status;+2
j  com.mathworks.mlwidgets.explorer.extensions.basic.NavigationActionProvider$3.run(Lcom/mathworks/matlab/api/explorer/ActionInput;)Lcom/mathworks/matlab/api/explorer/Status;+5
j  com.mathworks.mlwidgets.explorer.extensions.basic.NavigationActionProvider$3.run(Ljava/lang/Object;)Lcom/mathworks/matlab/api/explorer/Status;+5
j  com.mathworks.mlwidgets.explorer.model.actions.ActionConfigurationImpl$Runner.run(Lcom/mathworks/matlab/api/explorer/ActionInput;)Lcom/mathworks/matlab/api/explorer/Status;+112
j  com.mathworks.mlwidgets.explorer.model.actions.ActionConfigurationImpl.run(Lcom/mathworks/matlab/api/explorer/ActionInput;)Lcom/mathworks/matlab/api/explorer/Status;+100
j  com.mathworks.mlwidgets.explorer.model.actions.ActionManager$2.actionPerformed(Ljava/awt/event/ActionEvent;)V+30
j  javax.swing.AbstractButton.fireActionPerformed(Ljava/awt/event/ActionEvent;)V+84
j  javax.swing.AbstractButton$Handler.actionPerformed(Ljava/awt/event/ActionEvent;)V+5
j  javax.swing.DefaultButtonModel.fireActionPerformed(Ljava/awt/event/ActionEvent;)V+35
j  javax.swing.DefaultButtonModel.setPressed(Z)V+117
j  javax.swing.plaf.basic.BasicButtonListener.mouseReleased(Ljava/awt/event/MouseEvent;)V+35
j  java.awt.AWTEventMulticaster.mouseReleased(Ljava/awt/event/MouseEvent;)V+8
j  java.awt.AWTEventMulticaster.mouseReleased(Ljava/awt/event/MouseEvent;)V+8
j  java.awt.AWTEventMulticaster.mouseReleased(Ljava/awt/event/MouseEvent;)V+8
j  java.awt.Component.processMouseEvent(Ljava/awt/event/MouseEvent;)V+64
j  javax.swing.JComponent.processMouseEvent(Ljava/awt/event/MouseEvent;)V+23
j  com.mathworks.mwswing.MJButton.processMouseEvent(Ljava/awt/event/MouseEvent;)V+37
j  java.awt.Component.processEvent(Ljava/awt/AWTEvent;)V+81
j  java.awt.Container.processEvent(Ljava/awt/AWTEvent;)V+18
j  java.awt.Component.dispatchEventImpl(Ljava/awt/AWTEvent;)V+566
j  java.awt.Container.dispatchEventImpl(Ljava/awt/AWTEvent;)V+42
J  java.awt.LightweightDispatcher.retargetMouseEvent(Ljava/awt/Component;ILjava/awt/event/MouseEvent;)V
j  java.awt.LightweightDispatcher.processMouseEvent(Ljava/awt/event/MouseEvent;)Z+139
j  java.awt.LightweightDispatcher.dispatchEvent(Ljava/awt/AWTEvent;)Z+50
j  java.awt.Container.dispatchEventImpl(Ljava/awt/AWTEvent;)V+12
j  java.awt.Window.dispatchEventImpl(Ljava/awt/AWTEvent;)V+19
J  java.awt.EventDispatchThread.pumpOneEventForFilters(I)Z
j  java.awt.EventDispatchThread.pumpEventsForFilter(ILjava/awt/Conditional;Ljava/awt/EventFilter;)V+30
j  java.awt.EventDispatchThread.pumpEventsForHierarchy(ILjava/awt/Conditional;Ljava/awt/Component;)V+11
j  java.awt.EventDispatchThread.pumpEvents(ILjava/awt/Conditional;)V+4
j  java.awt.EventDispatchThread.pumpEvents(Ljava/awt/Conditional;)V+3
j  java.awt.EventDispatchThread.run()V+9
v  ~StubRoutines::call_stub

---------------  P R O C E S S  ---------------

Java Threads: ( => current thread )
  0x000000005e7df000 JavaThread "Image Fetcher 0" daemon [_thread_blocked, id=6920, stack(0x0000000008420000,0x00000000084a0000)]
  0x000000005e7de800 JavaThread "Active Reference Queue Daemon" daemon [_thread_blocked, id=6352, stack(0x0000000062580000,0x0000000062600000)]
  0x000000005e7db800 JavaThread "Timer-39" daemon [_thread_blocked, id=3604, stack(0x000000005fa30000,0x000000005fab0000)]
  0x000000005e7de000 JavaThread "Prefs Updater" daemon [_thread_blocked, id=504, stack(0x00000000624f0000,0x0000000062570000)]
  0x000000005e7d9800 JavaThread "Swing-Shell" daemon [_thread_blocked, id=3616, stack(0x0000000050d50000,0x0000000050dd0000)]
  0x000000005e7da000 JavaThread "Timer-7" daemon [_thread_blocked, id=2272, stack(0x000000004cc80000,0x000000004cd00000)]
  0x000000005d62a800 JavaThread "Explorer NavigationContext request queue" [_thread_blocked, id=2928, stack(0x0000000048b20000,0x0000000048ba0000)]
  0x000000005d629000 JavaThread "AddressBar directory emptiness poller" [_thread_blocked, id=2276, stack(0x00000000449b0000,0x0000000044a30000)]
  0x000000005d628800 JavaThread "Explorer Refresh Service 1007007819" [_thread_blocked, id=7156, stack(0x00000000212b0000,0x0000000021330000)]
  0x000000005d627000 JavaThread "Timer-1" daemon [_thread_blocked, id=6760, stack(0x000000000ff80000,0x0000000010000000)]
  0x000000005d626000 JavaThread "TimerQueue" daemon [_thread_blocked, id=3324, stack(0x000000000f380000,0x000000000f400000)]
  0x000000005d625800 JavaThread "Thread-5" daemon [_thread_blocked, id=5784, stack(0x000000000fa40000,0x000000000fac0000)]
  0x000000005d624800 JavaThread "FelixPackageAdmin" daemon [_thread_blocked, id=2952, stack(0x000000000fb10000,0x000000000fb90000)]
  0x000000005d624000 JavaThread "FelixStartLevel" daemon [_thread_blocked, id=6624, stack(0x000000000dff0000,0x000000000e070000)]
  0x000000005d623800 JavaThread "FelixDispatchQueue" daemon [_thread_blocked, id=6356, stack(0x000000000f490000,0x000000000f510000)]
=>0x000000005d779000 JavaThread "AWT-EventQueue-0" [_thread_in_native, id=976, stack(0x000000000e1d0000,0x000000000e250000)]
  0x000000005dafb800 JavaThread "com.google.common.base.internal.Finalizer" daemon [_thread_blocked, id=6256, stack(0x000000000f880000,0x000000000f900000)]
  0x000000005d3b4800 JavaThread "AWT-Windows" daemon [_thread_in_native, id=2492, stack(0x000000000f260000,0x000000000f2e0000)]
  0x000000005d3b4000 JavaThread "AWT-Shutdown" [_thread_blocked, id=4060, stack(0x000000000e130000,0x000000000e1b0000)]
  0x000000000ddf7800 JavaThread "Java2D Disposer" daemon [_thread_blocked, id=5380, stack(0x000000000f2f0000,0x000000000f370000)]
  0x000000005d08d800 JavaThread "Timer-0" [_thread_blocked, id=6000, stack(0x000000000f1d0000,0x000000000f250000)]
  0x000000000f0ba800 JavaThread "EventMgr Dispatcher" daemon [_thread_in_native, id=2112, stack(0x00000000088f0000,0x000000000c8f0000)]
  0x000000000de07800 JavaThread "Low Memory Detector" daemon [_thread_blocked, id=6520, stack(0x000000000e360000,0x000000000e3e0000)]
  0x000000000de04000 JavaThread "CompilerThread1" daemon [_thread_blocked, id=6780, stack(0x00000000652b0000,0x00000000692b0000)]
  0x000000000ddb3800 JavaThread "CompilerThread0" daemon [_thread_blocked, id=7108, stack(0x0000000058f20000,0x000000005cf20000)]
  0x000000000ddb3000 JavaThread "Attach Listener" daemon [_thread_blocked, id=1588, stack(0x000000000e260000,0x000000000e2e0000)]
  0x000000000dd97000 JavaThread "Finalizer" daemon [_thread_blocked, id=4824, stack(0x000000000df40000,0x000000000dfc0000)]
  0x000000000dd91000 JavaThread "Reference Handler" daemon [_thread_blocked, id=6756, stack(0x000000000e070000,0x000000000e0f0000)]
  0x0000000005a9e800 JavaThread "main" [_thread_in_native, id=4472, stack(0x00000000000e0000,0x00000000040e0000)]

Other Threads:
  0x0000000005bfc800 VMThread [stack: 0x0000000054f10000,0x0000000058f10000] [id=6952]
  0x000000000de32000 WatcherThread [stack: 0x0000000080000000,0x0000000084000000] [id=3052]

VM state:not at safepoint (normal execution)

VM Mutex/Monitor currently owned by a thread: None

Heap
 PSYoungGen      total 39744K, used 11552K [0x0000000041860000, 0x0000000044960000, 0x0000000044960000)
  eden space 31616K, 31% used [0x0000000041860000,0x000000004223c3a8,0x0000000043740000)
  from space 8128K, 17% used [0x0000000043740000,0x00000000438abda8,0x0000000043f30000)
  to   space 8192K, 0% used [0x0000000044160000,0x0000000044160000,0x0000000044960000)
 PSOldGen        total 62912K, used 47224K [0x0000000038560000, 0x000000003c2d0000, 0x0000000041860000)
  object space 62912K, 75% used [0x0000000038560000,0x000000003b37e0d8,0x000000003c2d0000)
 PSPermGen       total 113216K, used 66607K [0x0000000030560000, 0x00000000373f0000, 0x0000000038560000)
  object space 113216K, 58% used [0x0000000030560000,0x000000003466bf58,0x00000000373f0000)

Dynamic libraries:
0x000000013f330000 - 0x000000013f35d000 	D:\Application\Matlab\bin\win64\MATLAB.exe
0x0000000076e60000 - 0x0000000077009000 	C:\Windows\SYSTEM32\ntdll.dll
0x0000000076d40000 - 0x0000000076e5f000 	C:\Windows\system32\kernel32.dll
0x000007fefcec0000 - 0x000007fefcf2c000 	C:\Windows\system32\KERNELBASE.dll
0x0000000074460000 - 0x000000007451f000 	D:\Application\Matlab\bin\win64\libut.dll
0x00000000758a0000 - 0x000000007595c000 	D:\Application\Matlab\bin\win64\libmwi18n.dll
0x0000000180000000 - 0x000000018000b000 	D:\Application\Matlab\bin\win64\libmwresource_core.dll
0x000000006e0a0000 - 0x000000006e173000 	C:\Windows\WinSxS\amd64_microsoft.vc90.crt_1fc8b3b9a1e18e3b_9.0.30729.6161_none_08e61857a83bc251\MSVCP90.dll
0x000000006e550000 - 0x000000006e5f3000 	C:\Windows\WinSxS\amd64_microsoft.vc90.crt_1fc8b3b9a1e18e3b_9.0.30729.6161_none_08e61857a83bc251\MSVCR90.dll
0x000000007a170000 - 0x000000007a19c000 	D:\Application\Matlab\bin\win64\boost_filesystem-vc90-mt-1_44.dll
0x000000007a560000 - 0x000000007a569000 	D:\Application\Matlab\bin\win64\boost_system-vc90-mt-1_44.dll
0x000007fefe210000 - 0x000007fefe2eb000 	C:\Windows\system32\ADVAPI32.dll
0x000007fefe0f0000 - 0x000007fefe18f000 	C:\Windows\system32\msvcrt.dll
0x000007fefea60000 - 0x000007fefea7f000 	C:\Windows\SYSTEM32\sechost.dll
0x000007fefddd0000 - 0x000007fefdefd000 	C:\Windows\system32\RPCRT4.dll
0x000000007a010000 - 0x000000007a035000 	D:\Application\Matlab\bin\win64\LIBEXPAT.dll
0x000000006d0e0000 - 0x000000006d2d1000 	D:\Application\Matlab\bin\win64\icuin44.dll
0x0000000062250000 - 0x00000000623c1000 	D:\Application\Matlab\bin\win64\icuuc44.dll
0x0000000010000000 - 0x0000000010e41000 	D:\Application\Matlab\bin\win64\icudt44.dll
0x0000000073f70000 - 0x000000007411d000 	D:\Application\Matlab\bin\win64\libmwfl.dll
0x0000000004360000 - 0x0000000004716000 	D:\Application\Matlab\bin\win64\libmwMATLAB_res.dll
0x000000007a3b0000 - 0x000000007a3c0000 	D:\Application\Matlab\bin\win64\boost_date_time-vc90-mt-1_44.dll
0x000000007a250000 - 0x000000007a263000 	D:\Application\Matlab\bin\win64\boost_signals-vc90-mt-1_44.dll
0x000000007a2d0000 - 0x000000007a2e2000 	D:\Application\Matlab\bin\win64\boost_thread-vc90-mt-1_44.dll
0x0000000004190000 - 0x000000000424d000 	D:\Application\Matlab\bin\win64\boost_log-vc90-mt-1_44.dll
0x0000000077020000 - 0x0000000077027000 	C:\Windows\system32\PSAPI.DLL
0x000007fefea10000 - 0x000007fefea5d000 	C:\Windows\system32\WS2_32.dll
0x000007fefe5c0000 - 0x000007fefe5c8000 	C:\Windows\system32\NSI.dll
0x0000000004720000 - 0x0000000004766000 	D:\Application\Matlab\bin\win64\tbb.dll
0x000007fefece0000 - 0x000007fefecf9000 	C:\Windows\system32\imagehlp.dll
0x000000006d0c0000 - 0x000000006d0d3000 	D:\Application\Matlab\bin\win64\icuio44.dll
0x000007feef820000 - 0x000007feef945000 	C:\Windows\system32\dbghelp.dll
0x0000000076c40000 - 0x0000000076d3a000 	C:\Windows\system32\USER32.dll
0x000007fefdd60000 - 0x000007fefddc7000 	C:\Windows\system32\GDI32.dll
0x000007fefe9d0000 - 0x000007fefe9de000 	C:\Windows\system32\LPK.dll
0x000007fefed00000 - 0x000007fefedc9000 	C:\Windows\system32\USP10.dll
0x0000000004790000 - 0x0000000004a6c000 	D:\Application\Matlab\bin\win64\libmwservices.dll
0x0000000075a20000 - 0x0000000075af3000 	D:\Application\Matlab\bin\win64\libmx.dll
0x0000000004a90000 - 0x0000000004ab9000 	D:\Application\Matlab\bin\win64\tbbmalloc.dll
0x000000007a210000 - 0x000000007a228000 	D:\Application\Matlab\bin\win64\zlib1.dll
0x0000000004ae0000 - 0x0000000004b2d000 	D:\Application\Matlab\bin\win64\libmwregexp.dll
0x0000000004b40000 - 0x0000000004b63000 	D:\Application\Matlab\bin\win64\libmwmfl_scalar.dll
0x0000000075f10000 - 0x0000000075f60000 	D:\Application\Matlab\bin\win64\mpath.dll
0x000000007b680000 - 0x000000007bc9a000 	D:\Application\Matlab\bin\win64\mlutil.dll
0x00000000754d0000 - 0x0000000075551000 	D:\Application\Matlab\bin\win64\xmlcore.dll
0x0000000004bb0000 - 0x0000000004e03000 	D:\Application\Matlab\bin\win64\xerces-c_2_7.dll
0x0000000004e20000 - 0x0000000004e40000 	D:\Application\Matlab\bin\win64\libmwMATLAB_settings_res.dll
0x0000000004e50000 - 0x0000000004e60000 	D:\Application\Matlab\bin\win64\boost_iostreams-vc90-mt-1_44.dll
0x0000000004e70000 - 0x0000000004eb7000 	D:\Application\Matlab\bin\win64\boost_serialization-vc90-mt-1_44.dll
0x000007fefcfd0000 - 0x000007fefdd59000 	C:\Windows\system32\SHELL32.dll
0x000007fefe190000 - 0x000007fefe201000 	C:\Windows\system32\SHLWAPI.dll
0x000007fef9cd0000 - 0x000007fef9d70000 	C:\Windows\WinSxS\amd64_microsoft.windows.common-controls_6595b64144ccf1df_5.82.7601.18837_none_a4d981ff711297b6\COMCTL32.dll
0x000007fefe5d0000 - 0x000007fefe667000 	C:\Windows\system32\COMDLG32.dll
0x000007fefa8c0000 - 0x000007fefa8d6000 	C:\Windows\system32\NETAPI32.dll
0x000007fefa8b0000 - 0x000007fefa8bc000 	C:\Windows\system32\netutils.dll
0x000007fefc7b0000 - 0x000007fefc7d3000 	C:\Windows\system32\srvcli.dll
0x000007fefa890000 - 0x000007fefa8a5000 	C:\Windows\system32\wkscli.dll
0x000007fefef60000 - 0x000007feff163000 	C:\Windows\system32\ole32.dll
0x000007fefe8f0000 - 0x000007fefe9c7000 	C:\Windows\system32\OLEAUT32.dll
0x0000000074970000 - 0x0000000074a31000 	D:\Application\Matlab\bin\win64\mcr.dll
0x0000000075000000 - 0x00000000753e9000 	D:\Application\Matlab\bin\win64\iqm.dll
0x0000000074e80000 - 0x0000000074f38000 	D:\Application\Matlab\bin\win64\m_dispatcher.dll
0x0000000074880000 - 0x000000007496d000 	D:\Application\Matlab\bin\win64\boost_regex-vc90-mt-1_44.dll
0x000007fee33f0000 - 0x000007fee3c61000 	D:\Application\Matlab\bin\win64\m_interpreter.dll
0x000000006d040000 - 0x000000006d067000 	D:\Application\Matlab\bin\win64\libmex.dll
0x0000000065220000 - 0x00000000652a4000 	D:\Application\Matlab\bin\win64\profiler.dll
0x0000000004f40000 - 0x00000000051aa000 	D:\Application\Matlab\bin\win64\libmwmathutil.dll
0x0000000079f40000 - 0x0000000079f6e000 	D:\Application\Matlab\bin\win64\libmwmathrng.dll
0x00000000051d0000 - 0x00000000051e2000 	D:\Application\Matlab\bin\win64\libmwmfl_rng.dll
0x0000000074c10000 - 0x0000000074cee000 	D:\Application\Matlab\bin\win64\libmwmathcore.dll
0x0000000076160000 - 0x00000000761ca000 	D:\Application\Matlab\bin\win64\libmwspmatrix.dll
0x0000000075ea0000 - 0x0000000075f02000 	D:\Application\Matlab\bin\win64\libmwcholmod.dll
0x000000007a460000 - 0x000000007a46d000 	D:\Application\Matlab\bin\win64\libmwamd.dll
0x000000007a4b0000 - 0x000000007a4bc000 	D:\Application\Matlab\bin\win64\libmwcolamd.dll
0x000000007a290000 - 0x000000007a2a9000 	D:\Application\Matlab\bin\win64\libmwblas.dll
0x000000007a310000 - 0x000000007a321000 	D:\Application\Matlab\bin\win64\libmwbinder.dll
0x000000007a4d0000 - 0x000000007a4dc000 	D:\Application\Matlab\bin\win64\libmwompwrapper.dll
0x0000000005280000 - 0x0000000005305000 	D:\Application\Matlab\bin\win64\libmwlapack.dll
0x00000000651f0000 - 0x0000000065211000 	D:\Application\Matlab\bin\win64\m_pcodeio.dll
0x0000000079b10000 - 0x0000000079b77000 	D:\Application\Matlab\bin\win64\m_ir.dll
0x0000000061be0000 - 0x0000000062250000 	D:\Application\Matlab\bin\win64\m_parser.dll
0x0000000062710000 - 0x000000006272a000 	D:\Application\Matlab\bin\win64\ir_xfmr.dll
0x000007fee4250000 - 0x000007fee44e6000 	D:\Application\Matlab\bin\win64\mcos.dll
0x00000000626f0000 - 0x0000000062701000 	D:\Application\Matlab\bin\win64\mtok.dll
0x00000000626b0000 - 0x00000000626e1000 	D:\Application\Matlab\bin\win64\m_pcodegen.dll
0x0000000079fb0000 - 0x0000000079fe6000 	D:\Application\Matlab\bin\win64\libmwbridge.dll
0x0000000061b10000 - 0x0000000061bd8000 	D:\Application\Matlab\bin\win64\udd.dll
0x00000000619b0000 - 0x0000000061b02000 	D:\Application\Matlab\bin\win64\libmwgui.dll
0x0000000062690000 - 0x00000000626a7000 	D:\Application\Matlab\bin\win64\graphics_util.dll
0x0000000060f50000 - 0x00000000619af000 	D:\Application\Matlab\bin\win64\hg.dll
0x00000000053e0000 - 0x0000000005448000 	D:\Application\Matlab\bin\win64\libmat.dll
0x0000000072d30000 - 0x0000000072f44000 	D:\Application\Matlab\bin\win64\hdf5dll.dll
0x0000000075710000 - 0x00000000757de000 	D:\Application\Matlab\bin\win64\jmi.dll
0x0000000005480000 - 0x000000000548d000 	D:\Application\Matlab\bin\win64\nativejava_services.dll
0x0000000060f00000 - 0x0000000060f46000 	D:\Application\Matlab\bin\win64\libmwhardcopy.dll
0x0000000060e90000 - 0x0000000060ef3000 	D:\Application\Matlab\bin\win64\libuij.dll
0x0000000060c20000 - 0x0000000060e84000 	D:\Application\Matlab\bin\win64\hgdatatypes.dll
0x0000000060b00000 - 0x0000000060c1f000 	D:\Application\Matlab\bin\win64\hgutils.dll
0x0000000060a40000 - 0x0000000060b00000 	D:\Application\Matlab\bin\win64\udd_mi.dll
0x00000000054f0000 - 0x000000000552b000 	D:\Application\Matlab\bin\win64\libmwgbtutils.dll
0x0000000005540000 - 0x000000000555b000 	D:\Application\Matlab\bin\win64\libmwgbt.dll
0x0000000005570000 - 0x0000000005841000 	D:\Application\Matlab\bin\win64\uiw.dll
0x00000000732d0000 - 0x00000000732df000 	D:\Application\Matlab\bin\win64\uinone.dll
0x0000000005870000 - 0x0000000005899000 	D:\Application\Matlab\bin\win64\libmwnativefiledialogs.dll
0x00000000058b0000 - 0x00000000058b8000 	D:\Application\Matlab\bin\win64\libmwplatform_res.dll
0x000007fef8270000 - 0x000007fef8288000 	C:\Windows\system32\MPR.dll
0x0000000060550000 - 0x0000000060a34000 	C:\Windows\WinSxS\amd64_microsoft.vc90.mfc_1fc8b3b9a1e18e3b_9.0.30729.6161_none_044aad0bab1eb146\mfc90.dll
0x000007fef9de0000 - 0x000007fef9de7000 	C:\Windows\system32\MSIMG32.dll
0x000007fef9430000 - 0x000007fef94a1000 	C:\Windows\system32\WINSPOOL.DRV
0x0000000060520000 - 0x0000000060542000 	D:\Application\Matlab\bin\win64\mwoles05.DLL
0x0000000060420000 - 0x000000006049d000 	D:\Application\Matlab\bin\win64\comcli.dll
0x000000006f140000 - 0x000000006f16f000 	C:\Windows\WinSxS\amd64_microsoft.vc90.atl_1fc8b3b9a1e18e3b_9.0.30729.6161_none_0a1fd3a3a768b895\ATL90.DLL
0x00000000733a0000 - 0x00000000733ac000 	D:\Application\Matlab\bin\win64\mlautoregister.dll
0x000007fefe9e0000 - 0x000007fefea0e000 	C:\Windows\system32\IMM32.DLL
0x000007fefedd0000 - 0x000007fefeed9000 	C:\Windows\system32\MSCTF.dll
0x000007fefb170000 - 0x000007fefb1c6000 	C:\Windows\system32\UxTheme.dll
0x000007fefabb0000 - 0x000007fefabc8000 	C:\Windows\system32\dwmapi.dll
0x000000006d030000 - 0x000000006d039000 	C:\Windows\WinSxS\amd64_microsoft.vc90.mfcloc_1fc8b3b9a1e18e3b_9.0.30729.6161_none_01c9581e60cbee58\MFC90CHS.DLL
0x000000006d2e0000 - 0x000000006d2e6000 	C:\Program Files\ESET\ESET Smart Security\eplgHooks.dll
0x000007fefca50000 - 0x000007fefcaa7000 	C:\Windows\system32\apphelp.dll
0x000007fef7b60000 - 0x000007fef7f17000 	C:\Windows\system32\QQPINYIN.IME
0x000007fefbe70000 - 0x000007fefbe81000 	C:\Windows\system32\WTSAPI32.dll
0x000007fefbce0000 - 0x000007fefbcec000 	C:\Windows\system32\VERSION.dll
0x000007fefcc10000 - 0x000007fefcc1f000 	C:\Windows\system32\profapi.dll
0x000007fefc430000 - 0x000007fefc46d000 	C:\Windows\system32\WINSTA.dll
0x0000000078870000 - 0x0000000078ecd000 	D:\Application\Matlab\sys\java\jre\win64\jre\bin\server\jvm.dll
0x000007fef94c0000 - 0x000007fef94fb000 	C:\Windows\system32\WINMM.dll
0x000007fefad10000 - 0x000007fefad25000 	C:\Windows\system32\NLAapi.dll

VM Arguments:
jvm_args: -Xss512k -XX:PermSize=32m -Xms64m -XX:NewRatio=3 -XX:MaxPermSize=128m -Xmx196m -XX:MaxDirectMemorySize=2147400000 -Dsun.java2d.noddraw=true -Dsun.awt.nopixfmt=true -Xshare:off -Xrs -Dsun.awt.disableMixing=true -Djava.library.path=D:\Application\Matlab\bin\win64;D:\Application\Matlab\sys\jxbrowser\win64\lib vfprintf abort -Duser.language=en -Duser.country=US 
java_command: <unknown>
Launcher Type: generic

Environment Variables:
PATH=C:\Program Files (x86)\NVIDIA Corporation\PhysX\Common;C:\Program Files (x86)\Intel\iCLS Client\;C:\Program Files\Intel\iCLS Client\;C:\Windows\system32;C:\Windows;C:\Windows\System32\Wbem;C:\Windows\System32\WindowsPowerShell\v1.0\;C:\Program Files\Intel\Intel(R) Management Engine Components\DAL;C:\Program Files\Intel\Intel(R) Management Engine Components\IPT;C:\Program Files (x86)\Intel\Intel(R) Management Engine Components\DAL;C:\Program Files (x86)\Intel\Intel(R) Management Engine Components\IPT
USERNAME=Kevin
OS=Windows_NT
PROCESSOR_IDENTIFIER=Intel64 Family 6 Model 58 Stepping 9, GenuineIntel



---------------  S Y S T E M  ---------------

OS: Windows 7 Build 7601 Service Pack 1

CPU:total 4 (8 cores per cpu, 2 threads per core) family 6 model 58 stepping 9, cmov, cx8, fxsr, mmx, sse, sse2, sse3, ssse3, sse4.1, sse4.2, ht

Memory: 4k page, physical 4143472k(1938480k free), swap 8285108k(5740664k free)

vm_info: Java HotSpot(TM) 64-Bit Server VM (14.3-b01) for windows-amd64 JRE (1.6.0_17-b04), built on Oct 11 2009 00:46:08 by "java_re" with MS VC++ 8.0

time: Sat Sep 26 16:57:29 2015
elapsed time: 132 seconds

